2024-09-05 13:30:55,927 INFO: Portfolio startup [in C:\Users\berk_\Desktop\CursorTests\portfolio_website\app\__init__.py:37]
2024-09-05 13:33:25,372 INFO: Portfolio startup [in C:\Users\berk_\Desktop\CursorTests\portfolio_website\app\__init__.py:37]
2024-09-05 13:34:18,091 INFO: Portfolio startup [in C:\Users\berk_\Desktop\CursorTests\portfolio_website\app\__init__.py:37]
2024-09-05 13:35:42,371 INFO: Portfolio startup [in C:\Users\berk_\Desktop\CursorTests\portfolio_website\app\__init__.py:37]
2024-09-05 13:35:42,436 INFO: Starting the application in development mode [in C:\Users\berk_\Desktop\CursorTests\portfolio_website\run.py:15]
2024-09-05 13:35:43,806 INFO: Portfolio startup [in C:\Users\berk_\Desktop\CursorTests\portfolio_website\app\__init__.py:37]
2024-09-05 13:35:43,881 INFO: Starting the application in development mode [in C:\Users\berk_\Desktop\CursorTests\portfolio_website\run.py:15]
2024-09-05 13:35:52,554 WARNING: No projects or skills found [in C:\Users\berk_\Desktop\CursorTests\portfolio_website\app\routes.py:31]
2024-09-05 13:35:52,569 WARNING: 404 error: 404 Not Found: No projects or skills found [in C:\Users\berk_\Desktop\CursorTests\portfolio_website\app\routes.py:104]
2024-09-05 13:35:52,982 WARNING: 404 error: 404 Not Found: The requested URL was not found on the server. If you entered the URL manually please check your spelling and try again. [in C:\Users\berk_\Desktop\CursorTests\portfolio_website\app\routes.py:104]
2024-09-05 13:36:29,841 WARNING: No skills found [in C:\Users\berk_\Desktop\CursorTests\portfolio_website\app\routes.py:62]
2024-09-05 13:36:29,843 WARNING: 404 error: 404 Not Found: No skills found [in C:\Users\berk_\Desktop\CursorTests\portfolio_website\app\routes.py:104]
2024-09-05 13:36:31,364 WARNING: No skills found [in C:\Users\berk_\Desktop\CursorTests\portfolio_website\app\routes.py:62]
2024-09-05 13:36:31,365 WARNING: 404 error: 404 Not Found: No skills found [in C:\Users\berk_\Desktop\CursorTests\portfolio_website\app\routes.py:104]
2024-09-05 13:36:33,636 WARNING: No skills found [in C:\Users\berk_\Desktop\CursorTests\portfolio_website\app\routes.py:62]
2024-09-05 13:36:33,637 WARNING: 404 error: 404 Not Found: No skills found [in C:\Users\berk_\Desktop\CursorTests\portfolio_website\app\routes.py:104]
2024-09-05 13:36:34,485 WARNING: No projects or skills found [in C:\Users\berk_\Desktop\CursorTests\portfolio_website\app\routes.py:31]
2024-09-05 13:36:34,486 WARNING: 404 error: 404 Not Found: No projects or skills found [in C:\Users\berk_\Desktop\CursorTests\portfolio_website\app\routes.py:104]
2024-09-05 13:36:35,828 WARNING: No skills found [in C:\Users\berk_\Desktop\CursorTests\portfolio_website\app\routes.py:62]
2024-09-05 13:36:35,829 WARNING: 404 error: 404 Not Found: No skills found [in C:\Users\berk_\Desktop\CursorTests\portfolio_website\app\routes.py:104]
2024-09-05 13:36:38,274 WARNING: No skills found [in C:\Users\berk_\Desktop\CursorTests\portfolio_website\app\routes.py:62]
2024-09-05 13:36:38,275 WARNING: 404 error: 404 Not Found: No skills found [in C:\Users\berk_\Desktop\CursorTests\portfolio_website\app\routes.py:104]
2024-09-05 13:36:46,685 WARNING: No projects or skills found [in C:\Users\berk_\Desktop\CursorTests\portfolio_website\app\routes.py:31]
2024-09-05 13:36:46,686 WARNING: 404 error: 404 Not Found: No projects or skills found [in C:\Users\berk_\Desktop\CursorTests\portfolio_website\app\routes.py:104]
2024-09-05 13:38:02,263 INFO: Portfolio startup [in C:\Users\berk_\Desktop\CursorTests\portfolio_website\app\__init__.py:37]
2024-09-05 13:38:16,931 INFO: Portfolio startup [in C:\Users\berk_\Desktop\CursorTests\portfolio_website\app\__init__.py:37]
2024-09-05 13:38:16,995 INFO: Starting the application in development mode [in C:\Users\berk_\Desktop\CursorTests\portfolio_website\run.py:16]
2024-09-05 13:38:18,260 INFO: Portfolio startup [in C:\Users\berk_\Desktop\CursorTests\portfolio_website\app\__init__.py:37]
2024-09-05 13:38:18,325 INFO: Starting the application in development mode [in C:\Users\berk_\Desktop\CursorTests\portfolio_website\run.py:16]
2024-09-05 13:38:19,849 INFO: Database tables created (if they didn't exist) [in C:\Users\berk_\Desktop\CursorTests\portfolio_website\run.py:7]
2024-09-05 13:38:19,951 INFO: Database tables created (if they didn't exist) [in C:\Users\berk_\Desktop\CursorTests\portfolio_website\run.py:7]
2024-09-05 13:38:25,389 INFO: Database tables created (if they didn't exist) [in C:\Users\berk_\Desktop\CursorTests\portfolio_website\run.py:7]
2024-09-05 13:38:25,449 INFO: Database tables created (if they didn't exist) [in C:\Users\berk_\Desktop\CursorTests\portfolio_website\run.py:7]
2024-09-05 13:38:27,029 INFO: Database tables created (if they didn't exist) [in C:\Users\berk_\Desktop\CursorTests\portfolio_website\run.py:7]
2024-09-05 13:38:27,108 INFO: Database tables created (if they didn't exist) [in C:\Users\berk_\Desktop\CursorTests\portfolio_website\run.py:7]
2024-09-05 13:38:28,020 INFO: Database tables created (if they didn't exist) [in C:\Users\berk_\Desktop\CursorTests\portfolio_website\run.py:7]
2024-09-05 13:38:28,104 INFO: Database tables created (if they didn't exist) [in C:\Users\berk_\Desktop\CursorTests\portfolio_website\run.py:7]
